<?xml version="1.0" encoding="UTF-8"?>
<!-- Generated by org.testng.reporters.JUnitXMLReporter -->
<testsuite hostname="SRK" ignored="1" name="Default test" tests="1" failures="0" timestamp="2021-05-09T12:27:26 IST" time="5.482" errors="0">
  <testcase name="carSelectMethod" time="3.491" classname="com.nagarro.testcases.ControlGroupPageTest"/>
  <testcase name="verifyControlGroupPageTitleTest" time="0.0" classname="com.nagarro.testcases.ControlGroupPageTest">
    <ignored/>
  </testcase> <!-- verifyControlGroupPageTitleTest -->
</testsuite> <!-- Default test -->
