<?xml version="1.0" encoding="UTF-8"?>
<!-- Generated by org.testng.reporters.JUnitXMLReporter -->
<testsuite hostname="SRK" ignored="0" name="Droppable Test" tests="2" failures="0" timestamp="2021-05-09T12:33:15 IST" time="6.213" errors="0">
  <testcase name="carSelectMethod" time="3.527" classname="com.nagarro.testcases.ControlGroupPageTest"/>
  <testcase name="verifyControlGroupPageTitleTest" time="0.016" classname="com.nagarro.testcases.ControlGroupPageTest"/>
</testsuite> <!-- Droppable Test -->
