<?xml version="1.0" encoding="UTF-8"?>
<!-- Generated by org.testng.reporters.JUnitXMLReporter -->
<testsuite hostname="SRK" ignored="0" name="Control Group Test" tests="2" failures="0" timestamp="2021-05-09T12:49:03 IST" time="6.16" errors="0">
  <testcase name="carSelectMethod" time="3.905" classname="com.nagarro.testcases.ControlGroupPageTest"/>
  <testcase name="verifyControlGroupPageTitleTest" time="0.008" classname="com.nagarro.testcases.ControlGroupPageTest"/>
</testsuite> <!-- Control Group Test -->
