<?xml version="1.0" encoding="UTF-8"?>
<testsuite xmlns:xsi="http://www.w3.org/2001/XMLSchema-instance" xsi:noNamespaceSchemaLocation="https://maven.apache.org/surefire/maven-surefire-plugin/xsd/surefire-test-report.xsd" name="TestSuite" time="17.756" tests="2" errors="0" skipped="0" failures="0">
  <properties>
[...]
</properties>
  <testcase name="carSelectMethod" classname="com.nagarro.testcases.ControlGroupPageTest" time="3.911"/>
  <testcase name="verifyControlGroupPageTitleTest" classname="com.nagarro.testcases.ControlGroupPageTest" time="0.009"/>
</testsuite>