<?xml version="1.0" encoding="UTF-8"?>
<testng-results skipped="0" failed="0" ignored="0" total="2" passed="2">
  <reporter-output>
  </reporter-output>
  <suite name="Suite" duration-ms="6213" started-at="2021-05-09T12:33:08 IST" finished-at="2021-05-09T12:33:14 IST">
    <groups>
    </groups>
    <test name="Droppable Test" duration-ms="6213" started-at="2021-05-09T12:33:08 IST" finished-at="2021-05-09T12:33:14 IST">
      <class name="com.nagarro.testcases.ControlGroupPageTest">
        <test-method status="PASS" signature="openBrowser(java.lang.String)[pri:0, instance:com.nagarro.testcases.ControlGroupPageTest@42d8062c]" name="openBrowser" is-config="true" duration-ms="8816" started-at="2021-05-09T12:32:59 IST" finished-at="2021-05-09T12:33:08 IST">
          <params>
            <param index="0">
              <value>
                <![CDATA[chrome]]>
              </value>
            </param>
          </params>
          <reporter-output>
          </reporter-output>
        </test-method> <!-- openBrowser -->
        <test-method status="PASS" signature="initTCReport()[pri:0, instance:com.nagarro.testcases.ControlGroupPageTest@42d8062c]" name="initTCReport" is-config="true" duration-ms="175" started-at="2021-05-09T12:33:08 IST" finished-at="2021-05-09T12:33:08 IST">
          <reporter-output>
          </reporter-output>
        </test-method> <!-- initTCReport -->
        <test-method status="PASS" signature="beforeTestcaseExecution(java.lang.reflect.Method)[pri:0, instance:com.nagarro.testcases.ControlGroupPageTest@42d8062c]" name="beforeTestcaseExecution" is-config="true" duration-ms="1493" started-at="2021-05-09T12:33:08 IST" finished-at="2021-05-09T12:33:10 IST">
          <params>
            <param index="0">
              <value>
                <![CDATA[public void com.nagarro.testcases.ControlGroupPageTest.carSelectMethod() throws java.lang.InterruptedException]]>
              </value>
            </param>
          </params>
          <reporter-output>
          </reporter-output>
        </test-method> <!-- beforeTestcaseExecution -->
        <test-method status="PASS" signature="carSelectMethod()[pri:0, instance:com.nagarro.testcases.ControlGroupPageTest@42d8062c]" name="carSelectMethod" duration-ms="3527" started-at="2021-05-09T12:33:10 IST" finished-at="2021-05-09T12:33:14 IST">
          <reporter-output>
          </reporter-output>
        </test-method> <!-- carSelectMethod -->
        <test-method status="PASS" signature="afterTestCase(org.testng.ITestResult)[pri:0, instance:com.nagarro.testcases.ControlGroupPageTest@42d8062c]" name="afterTestCase" is-config="true" duration-ms="131" started-at="2021-05-09T12:33:14 IST" finished-at="2021-05-09T12:33:14 IST">
          <params>
            <param index="0">
              <value>
                <![CDATA[[TestResult name=carSelectMethod status=SUCCESS method=ControlGroupPageTest.carSelectMethod()[pri:0, instance:com.nagarro.testcases.ControlGroupPageTest@42d8062c] output={null}]]]>
              </value>
            </param>
          </params>
          <reporter-output>
          </reporter-output>
        </test-method> <!-- afterTestCase -->
        <test-method status="PASS" signature="beforeTestcaseExecution(java.lang.reflect.Method)[pri:0, instance:com.nagarro.testcases.ControlGroupPageTest@42d8062c]" name="beforeTestcaseExecution" is-config="true" duration-ms="126" started-at="2021-05-09T12:33:14 IST" finished-at="2021-05-09T12:33:14 IST">
          <params>
            <param index="0">
              <value>
                <![CDATA[public void com.nagarro.testcases.ControlGroupPageTest.verifyControlGroupPageTitleTest()]]>
              </value>
            </param>
          </params>
          <reporter-output>
          </reporter-output>
        </test-method> <!-- beforeTestcaseExecution -->
        <test-method status="PASS" signature="verifyControlGroupPageTitleTest()[pri:1, instance:com.nagarro.testcases.ControlGroupPageTest@42d8062c]" name="verifyControlGroupPageTitleTest" duration-ms="16" started-at="2021-05-09T12:33:14 IST" finished-at="2021-05-09T12:33:14 IST">
          <reporter-output>
          </reporter-output>
        </test-method> <!-- verifyControlGroupPageTitleTest -->
        <test-method status="PASS" signature="afterTestCase(org.testng.ITestResult)[pri:0, instance:com.nagarro.testcases.ControlGroupPageTest@42d8062c]" name="afterTestCase" is-config="true" duration-ms="118" started-at="2021-05-09T12:33:14 IST" finished-at="2021-05-09T12:33:14 IST">
          <params>
            <param index="0">
              <value>
                <![CDATA[[TestResult name=verifyControlGroupPageTitleTest status=SUCCESS method=ControlGroupPageTest.verifyControlGroupPageTitleTest()[pri:1, instance:com.nagarro.testcases.ControlGroupPageTest@42d8062c] output={null}]]]>
              </value>
            </param>
          </params>
          <reporter-output>
          </reporter-output>
        </test-method> <!-- afterTestCase -->
        <test-method status="PASS" signature="generateReports()[pri:0, instance:com.nagarro.testcases.ControlGroupPageTest@42d8062c]" name="generateReports" is-config="true" duration-ms="572" started-at="2021-05-09T12:33:14 IST" finished-at="2021-05-09T12:33:14 IST">
          <reporter-output>
          </reporter-output>
        </test-method> <!-- generateReports -->
        <test-method status="PASS" signature="closeBroswer()[pri:0, instance:com.nagarro.testcases.ControlGroupPageTest@42d8062c]" name="closeBroswer" is-config="true" duration-ms="1069" started-at="2021-05-09T12:33:15 IST" finished-at="2021-05-09T12:33:16 IST">
          <reporter-output>
          </reporter-output>
        </test-method> <!-- closeBroswer -->
      </class> <!-- com.nagarro.testcases.ControlGroupPageTest -->
    </test> <!-- Droppable Test -->
  </suite> <!-- Suite -->
</testng-results>
